<?xml version="1.0" encoding="UTF-8"?>
<!-- Generated by org.testng.reporters.JUnitXMLReporter -->
<testsuite ignored="0" hostname="Hojatullahs-MacBook-Air.local" failures="0" tests="3" name="Default test" time="47.727" errors="0" timestamp="2023-04-04T23:07:39 EDT">
  <testcase classname="testing.DirectoryTest" name="verifyNumberOfEmployeesByRecordShown" time="8.611"/>
  <testcase classname="testing.DirectoryTest" name="verifyUserInformationByClickingOnIt" time="5.182"/>
  <testcase classname="testing.DirectoryTest" name="verifyUserInformationByJobTitleAndLocation" time="5.814"/>
</testsuite> <!-- Default test -->
