<?xml version="1.0" encoding="UTF-8"?>
<testng-results ignored="0" total="3" passed="3" failed="0" skipped="0">
  <reporter-output>
  </reporter-output>
  <suite started-at="2023-04-04T23:06:51 EDT" name="Default suite" finished-at="2023-04-04T23:07:39 EDT" duration-ms="47727">
    <groups>
      <group name="all">
        <method signature="DirectoryTest.verifyNumberOfEmployeesByRecordShown()[pri:0, instance:testing.DirectoryTest@7f552bd3]" name="verifyNumberOfEmployeesByRecordShown" class="testing.DirectoryTest"/>
        <method signature="DirectoryTest.verifyUserInformationByClickingOnIt()[pri:0, instance:testing.DirectoryTest@7f552bd3]" name="verifyUserInformationByClickingOnIt" class="testing.DirectoryTest"/>
        <method signature="DirectoryTest.verifyUserInformationByJobTitleAndLocation()[pri:0, instance:testing.DirectoryTest@7f552bd3]" name="verifyUserInformationByJobTitleAndLocation" class="testing.DirectoryTest"/>
      </group> <!-- all -->
      <group name="test2">
        <method signature="DirectoryTest.verifyNumberOfEmployeesByRecordShown()[pri:0, instance:testing.DirectoryTest@7f552bd3]" name="verifyNumberOfEmployeesByRecordShown" class="testing.DirectoryTest"/>
      </group> <!-- test2 -->
      <group name="test3">
        <method signature="DirectoryTest.verifyUserInformationByClickingOnIt()[pri:0, instance:testing.DirectoryTest@7f552bd3]" name="verifyUserInformationByClickingOnIt" class="testing.DirectoryTest"/>
      </group> <!-- test3 -->
      <group name="test1">
        <method signature="DirectoryTest.verifyUserInformationByJobTitleAndLocation()[pri:0, instance:testing.DirectoryTest@7f552bd3]" name="verifyUserInformationByJobTitleAndLocation" class="testing.DirectoryTest"/>
      </group> <!-- test1 -->
    </groups>
    <test started-at="2023-04-04T23:06:51 EDT" name="Default test" finished-at="2023-04-04T23:07:39 EDT" duration-ms="47727">
      <class name="testing.DirectoryTest">
        <test-method is-config="true" signature="getDriver()[pri:0, instance:testing.DirectoryTest@7f552bd3]" started-at="2023-04-04T23:06:51 EDT" name="getDriver" finished-at="2023-04-04T23:07:03 EDT" duration-ms="12231" status="PASS">
          <reporter-output>
          </reporter-output>
        </test-method> <!-- getDriver -->
        <test-method signature="verifyNumberOfEmployeesByRecordShown()[pri:0, instance:testing.DirectoryTest@7f552bd3]" started-at="2023-04-04T23:07:03 EDT" name="verifyNumberOfEmployeesByRecordShown" finished-at="2023-04-04T23:07:12 EDT" duration-ms="8611" status="PASS">
          <reporter-output>
          </reporter-output>
        </test-method> <!-- verifyNumberOfEmployeesByRecordShown -->
        <test-method is-config="true" signature="closeDriver()[pri:0, instance:testing.DirectoryTest@7f552bd3]" started-at="2023-04-04T23:07:12 EDT" name="closeDriver" finished-at="2023-04-04T23:07:12 EDT" duration-ms="313" status="PASS">
          <reporter-output>
          </reporter-output>
        </test-method> <!-- closeDriver -->
        <test-method is-config="true" signature="getDriver()[pri:0, instance:testing.DirectoryTest@7f552bd3]" started-at="2023-04-04T23:07:12 EDT" name="getDriver" finished-at="2023-04-04T23:07:20 EDT" duration-ms="7716" status="PASS">
          <reporter-output>
          </reporter-output>
        </test-method> <!-- getDriver -->
        <test-method signature="verifyUserInformationByClickingOnIt()[pri:0, instance:testing.DirectoryTest@7f552bd3]" started-at="2023-04-04T23:07:20 EDT" name="verifyUserInformationByClickingOnIt" finished-at="2023-04-04T23:07:25 EDT" duration-ms="5182" status="PASS">
          <reporter-output>
          </reporter-output>
        </test-method> <!-- verifyUserInformationByClickingOnIt -->
        <test-method is-config="true" signature="closeDriver()[pri:0, instance:testing.DirectoryTest@7f552bd3]" started-at="2023-04-04T23:07:25 EDT" name="closeDriver" finished-at="2023-04-04T23:07:26 EDT" duration-ms="224" status="PASS">
          <reporter-output>
          </reporter-output>
        </test-method> <!-- closeDriver -->
        <test-method is-config="true" signature="getDriver()[pri:0, instance:testing.DirectoryTest@7f552bd3]" started-at="2023-04-04T23:07:26 EDT" name="getDriver" finished-at="2023-04-04T23:07:33 EDT" duration-ms="7315" status="PASS">
          <reporter-output>
          </reporter-output>
        </test-method> <!-- getDriver -->
        <test-method signature="verifyUserInformationByJobTitleAndLocation()[pri:0, instance:testing.DirectoryTest@7f552bd3]" started-at="2023-04-04T23:07:33 EDT" name="verifyUserInformationByJobTitleAndLocation" finished-at="2023-04-04T23:07:39 EDT" duration-ms="5814" status="PASS">
          <reporter-output>
          </reporter-output>
        </test-method> <!-- verifyUserInformationByJobTitleAndLocation -->
        <test-method is-config="true" signature="closeDriver()[pri:0, instance:testing.DirectoryTest@7f552bd3]" started-at="2023-04-04T23:07:39 EDT" name="closeDriver" finished-at="2023-04-04T23:07:39 EDT" duration-ms="193" status="PASS">
          <reporter-output>
          </reporter-output>
        </test-method> <!-- closeDriver -->
      </class> <!-- testing.DirectoryTest -->
    </test> <!-- Default test -->
  </suite> <!-- Default suite -->
</testng-results>
