<?xml version="1.0" encoding="UTF-8"?>
<testng-results ignored="0" total="1" passed="1" failed="0" skipped="0">
  <reporter-output>
  </reporter-output>
  <suite started-at="2023-04-08T16:49:56 EDT" name="Default suite" finished-at="2023-04-08T16:50:18 EDT" duration-ms="22602">
    <groups>
    </groups>
    <test started-at="2023-04-08T16:49:56 EDT" name="Default test" finished-at="2023-04-08T16:50:18 EDT" duration-ms="22602">
      <class name="testing.myInfoDua">
        <test-method is-config="true" signature="getDriver()[pri:0, instance:testing.myInfoDua@25084a1e]" started-at="2023-04-08T16:49:56 EDT" name="getDriver" finished-at="2023-04-08T16:50:05 EDT" duration-ms="8962" status="PASS">
          <reporter-output>
          </reporter-output>
        </test-method> <!-- getDriver -->
        <test-method signature="VerifyJobDetails()[pri:0, instance:testing.myInfoDua@25084a1e]" started-at="2023-04-08T16:50:05 EDT" name="VerifyJobDetails" finished-at="2023-04-08T16:50:18 EDT" duration-ms="13500" status="PASS">
          <reporter-output>
          </reporter-output>
        </test-method> <!-- VerifyJobDetails -->
        <test-method is-config="true" signature="closeDriver()[pri:0, instance:testing.myInfoDua@25084a1e]" started-at="2023-04-08T16:50:18 EDT" name="closeDriver" finished-at="2023-04-08T16:50:18 EDT" duration-ms="83" status="PASS">
          <reporter-output>
          </reporter-output>
        </test-method> <!-- closeDriver -->
      </class> <!-- testing.myInfoDua -->
    </test> <!-- Default test -->
  </suite> <!-- Default suite -->
</testng-results>
